[23-Mar-2018 09:01:38 UTC] PHP Warning:  sprintf(): Too few arguments in /home/ubuntu/workspace/wp-admin/includes/class-bulk-upgrader-skin.php on line 150
[23-Mar-2018 09:01:38 UTC] PHP Stack trace:
[23-Mar-2018 09:01:38 UTC] PHP   1. {main}() /home/ubuntu/workspace/wp-admin/themes.php:0
[23-Mar-2018 09:01:38 UTC] PHP   2. require_once() /home/ubuntu/workspace/wp-admin/themes.php:10
[23-Mar-2018 09:01:38 UTC] PHP   3. do_action() /home/ubuntu/workspace/wp-admin/admin.php:224
[23-Mar-2018 09:01:38 UTC] PHP   4. WP_Hook->do_action() /home/ubuntu/workspace/wp-includes/plugin.php:453
[23-Mar-2018 09:01:38 UTC] PHP   5. WP_Hook->apply_filters() /home/ubuntu/workspace/wp-includes/class-wp-hook.php:310
[23-Mar-2018 09:01:38 UTC] PHP   6. call_user_func_array:{/home/ubuntu/workspace/wp-includes/class-wp-hook.php:286}() /home/ubuntu/workspace/wp-includes/class-wp-hook.php:286
[23-Mar-2018 09:01:38 UTC] PHP   7. TGM_Plugin_Activation->install_plugins_page() /home/ubuntu/workspace/wp-includes/class-wp-hook.php:286
[23-Mar-2018 09:01:38 UTC] PHP   8. TGMPA_List_Table->process_bulk_actions() /home/ubuntu/workspace/wp-content/themes/confidence/includes/class-tgm-plugin-activation.php:743
[23-Mar-2018 09:01:38 UTC] PHP   9. TGMPA_Bulk_Installer->bulk_install() /home/ubuntu/workspace/wp-content/themes/confidence/includes/class-tgm-plugin-activation.php:2977
[23-Mar-2018 09:01:38 UTC] PHP  10. TGMPA_Bulk_Installer->run() /home/ubuntu/workspace/wp-content/themes/confidence/includes/class-tgm-plugin-activation.php:3374
[23-Mar-2018 09:01:38 UTC] PHP  11. WP_Upgrader->run() /home/ubuntu/workspace/wp-content/themes/confidence/includes/class-tgm-plugin-activation.php:3258
[23-Mar-2018 09:01:38 UTC] PHP  12. TGMPA_Bulk_Installer_Skin->after() /home/ubuntu/workspace/wp-admin/includes/class-wp-upgrader.php:759
[23-Mar-2018 09:01:38 UTC] PHP  13. Bulk_Upgrader_Skin->after() /home/ubuntu/workspace/wp-content/themes/confidence/includes/class-tgm-plugin-activation.php:3638
[23-Mar-2018 09:01:38 UTC] PHP  14. sprintf() /home/ubuntu/workspace/wp-admin/includes/class-bulk-upgrader-skin.php:150
[23-Mar-2018 09:01:40 UTC] PHP Warning:  sprintf(): Too few arguments in /home/ubuntu/workspace/wp-admin/includes/class-bulk-upgrader-skin.php on line 150
[23-Mar-2018 09:01:40 UTC] PHP Stack trace:
[23-Mar-2018 09:01:40 UTC] PHP   1. {main}() /home/ubuntu/workspace/wp-admin/themes.php:0
[23-Mar-2018 09:01:40 UTC] PHP   2. require_once() /home/ubuntu/workspace/wp-admin/themes.php:10
[23-Mar-2018 09:01:40 UTC] PHP   3. do_action() /home/ubuntu/workspace/wp-admin/admin.php:224
[23-Mar-2018 09:01:40 UTC] PHP   4. WP_Hook->do_action() /home/ubuntu/workspace/wp-includes/plugin.php:453
[23-Mar-2018 09:01:40 UTC] PHP   5. WP_Hook->apply_filters() /home/ubuntu/workspace/wp-includes/class-wp-hook.php:310
[23-Mar-2018 09:01:40 UTC] PHP   6. call_user_func_array:{/home/ubuntu/workspace/wp-includes/class-wp-hook.php:286}() /home/ubuntu/workspace/wp-includes/class-wp-hook.php:286
[23-Mar-2018 09:01:40 UTC] PHP   7. TGM_Plugin_Activation->install_plugins_page() /home/ubuntu/workspace/wp-includes/class-wp-hook.php:286
[23-Mar-2018 09:01:40 UTC] PHP   8. TGMPA_List_Table->process_bulk_actions() /home/ubuntu/workspace/wp-content/themes/confidence/includes/class-tgm-plugin-activation.php:743
[23-Mar-2018 09:01:40 UTC] PHP   9. TGMPA_Bulk_Installer->bulk_install() /home/ubuntu/workspace/wp-content/themes/confidence/includes/class-tgm-plugin-activation.php:2977
[23-Mar-2018 09:01:40 UTC] PHP  10. TGMPA_Bulk_Installer->run() /home/ubuntu/workspace/wp-content/themes/confidence/includes/class-tgm-plugin-activation.php:3374
[23-Mar-2018 09:01:40 UTC] PHP  11. WP_Upgrader->run() /home/ubuntu/workspace/wp-content/themes/confidence/includes/class-tgm-plugin-activation.php:3258
[23-Mar-2018 09:01:40 UTC] PHP  12. TGMPA_Bulk_Installer_Skin->after() /home/ubuntu/workspace/wp-admin/includes/class-wp-upgrader.php:759
[23-Mar-2018 09:01:40 UTC] PHP  13. Bulk_Upgrader_Skin->after() /home/ubuntu/workspace/wp-content/themes/confidence/includes/class-tgm-plugin-activation.php:3638
[23-Mar-2018 09:01:40 UTC] PHP  14. sprintf() /home/ubuntu/workspace/wp-admin/includes/class-bulk-upgrader-skin.php:150
[23-Mar-2018 09:01:43 UTC] PHP Warning:  sprintf(): Too few arguments in /home/ubuntu/workspace/wp-admin/includes/class-bulk-upgrader-skin.php on line 150
[23-Mar-2018 09:01:43 UTC] PHP Stack trace:
[23-Mar-2018 09:01:43 UTC] PHP   1. {main}() /home/ubuntu/workspace/wp-admin/themes.php:0
[23-Mar-2018 09:01:43 UTC] PHP   2. require_once() /home/ubuntu/workspace/wp-admin/themes.php:10
[23-Mar-2018 09:01:43 UTC] PHP   3. do_action() /home/ubuntu/workspace/wp-admin/admin.php:224
[23-Mar-2018 09:01:43 UTC] PHP   4. WP_Hook->do_action() /home/ubuntu/workspace/wp-includes/plugin.php:453
[23-Mar-2018 09:01:43 UTC] PHP   5. WP_Hook->apply_filters() /home/ubuntu/workspace/wp-includes/class-wp-hook.php:310
[23-Mar-2018 09:01:43 UTC] PHP   6. call_user_func_array:{/home/ubuntu/workspace/wp-includes/class-wp-hook.php:286}() /home/ubuntu/workspace/wp-includes/class-wp-hook.php:286
[23-Mar-2018 09:01:43 UTC] PHP   7. TGM_Plugin_Activation->install_plugins_page() /home/ubuntu/workspace/wp-includes/class-wp-hook.php:286
[23-Mar-2018 09:01:43 UTC] PHP   8. TGMPA_List_Table->process_bulk_actions() /home/ubuntu/workspace/wp-content/themes/confidence/includes/class-tgm-plugin-activation.php:743
[23-Mar-2018 09:01:43 UTC] PHP   9. TGMPA_Bulk_Installer->bulk_install() /home/ubuntu/workspace/wp-content/themes/confidence/includes/class-tgm-plugin-activation.php:2977
[23-Mar-2018 09:01:43 UTC] PHP  10. TGMPA_Bulk_Installer->run() /home/ubuntu/workspace/wp-content/themes/confidence/includes/class-tgm-plugin-activation.php:3374
[23-Mar-2018 09:01:43 UTC] PHP  11. WP_Upgrader->run() /home/ubuntu/workspace/wp-content/themes/confidence/includes/class-tgm-plugin-activation.php:3258
[23-Mar-2018 09:01:43 UTC] PHP  12. TGMPA_Bulk_Installer_Skin->after() /home/ubuntu/workspace/wp-admin/includes/class-wp-upgrader.php:759
[23-Mar-2018 09:01:43 UTC] PHP  13. Bulk_Upgrader_Skin->after() /home/ubuntu/workspace/wp-content/themes/confidence/includes/class-tgm-plugin-activation.php:3638
[23-Mar-2018 09:01:43 UTC] PHP  14. sprintf() /home/ubuntu/workspace/wp-admin/includes/class-bulk-upgrader-skin.php:150
[23-Mar-2018 09:01:43 UTC] PHP Warning:  sprintf(): Too few arguments in /home/ubuntu/workspace/wp-admin/includes/class-bulk-upgrader-skin.php on line 150
[23-Mar-2018 09:01:43 UTC] PHP Stack trace:
[23-Mar-2018 09:01:43 UTC] PHP   1. {main}() /home/ubuntu/workspace/wp-admin/themes.php:0
[23-Mar-2018 09:01:43 UTC] PHP   2. require_once() /home/ubuntu/workspace/wp-admin/themes.php:10
[23-Mar-2018 09:01:43 UTC] PHP   3. do_action() /home/ubuntu/workspace/wp-admin/admin.php:224
[23-Mar-2018 09:01:43 UTC] PHP   4. WP_Hook->do_action() /home/ubuntu/workspace/wp-includes/plugin.php:453
[23-Mar-2018 09:01:43 UTC] PHP   5. WP_Hook->apply_filters() /home/ubuntu/workspace/wp-includes/class-wp-hook.php:310
[23-Mar-2018 09:01:43 UTC] PHP   6. call_user_func_array:{/home/ubuntu/workspace/wp-includes/class-wp-hook.php:286}() /home/ubuntu/workspace/wp-includes/class-wp-hook.php:286
[23-Mar-2018 09:01:43 UTC] PHP   7. TGM_Plugin_Activation->install_plugins_page() /home/ubuntu/workspace/wp-includes/class-wp-hook.php:286
[23-Mar-2018 09:01:43 UTC] PHP   8. TGMPA_List_Table->process_bulk_actions() /home/ubuntu/workspace/wp-content/themes/confidence/includes/class-tgm-plugin-activation.php:743
[23-Mar-2018 09:01:43 UTC] PHP   9. TGMPA_Bulk_Installer->bulk_install() /home/ubuntu/workspace/wp-content/themes/confidence/includes/class-tgm-plugin-activation.php:2977
[23-Mar-2018 09:01:43 UTC] PHP  10. TGMPA_Bulk_Installer->run() /home/ubuntu/workspace/wp-content/themes/confidence/includes/class-tgm-plugin-activation.php:3374
[23-Mar-2018 09:01:43 UTC] PHP  11. WP_Upgrader->run() /home/ubuntu/workspace/wp-content/themes/confidence/includes/class-tgm-plugin-activation.php:3258
[23-Mar-2018 09:01:43 UTC] PHP  12. TGMPA_Bulk_Installer_Skin->after() /home/ubuntu/workspace/wp-admin/includes/class-wp-upgrader.php:759
[23-Mar-2018 09:01:43 UTC] PHP  13. Bulk_Upgrader_Skin->after() /home/ubuntu/workspace/wp-content/themes/confidence/includes/class-tgm-plugin-activation.php:3638
[23-Mar-2018 09:01:43 UTC] PHP  14. sprintf() /home/ubuntu/workspace/wp-admin/includes/class-bulk-upgrader-skin.php:150
[23-Mar-2018 09:01:43 UTC] PHP Warning:  sprintf(): Too few arguments in /home/ubuntu/workspace/wp-admin/includes/class-bulk-upgrader-skin.php on line 150
[23-Mar-2018 09:01:43 UTC] PHP Stack trace:
[23-Mar-2018 09:01:43 UTC] PHP   1. {main}() /home/ubuntu/workspace/wp-admin/themes.php:0
[23-Mar-2018 09:01:43 UTC] PHP   2. require_once() /home/ubuntu/workspace/wp-admin/themes.php:10
[23-Mar-2018 09:01:43 UTC] PHP   3. do_action() /home/ubuntu/workspace/wp-admin/admin.php:224
[23-Mar-2018 09:01:43 UTC] PHP   4. WP_Hook->do_action() /home/ubuntu/workspace/wp-includes/plugin.php:453
[23-Mar-2018 09:01:43 UTC] PHP   5. WP_Hook->apply_filters() /home/ubuntu/workspace/wp-includes/class-wp-hook.php:310
[23-Mar-2018 09:01:43 UTC] PHP   6. call_user_func_array:{/home/ubuntu/workspace/wp-includes/class-wp-hook.php:286}() /home/ubuntu/workspace/wp-includes/class-wp-hook.php:286
[23-Mar-2018 09:01:43 UTC] PHP   7. TGM_Plugin_Activation->install_plugins_page() /home/ubuntu/workspace/wp-includes/class-wp-hook.php:286
[23-Mar-2018 09:01:43 UTC] PHP   8. TGMPA_List_Table->process_bulk_actions() /home/ubuntu/workspace/wp-content/themes/confidence/includes/class-tgm-plugin-activation.php:743
[23-Mar-2018 09:01:43 UTC] PHP   9. TGMPA_Bulk_Installer->bulk_install() /home/ubuntu/workspace/wp-content/themes/confidence/includes/class-tgm-plugin-activation.php:2977
[23-Mar-2018 09:01:43 UTC] PHP  10. TGMPA_Bulk_Installer->run() /home/ubuntu/workspace/wp-content/themes/confidence/includes/class-tgm-plugin-activation.php:3374
[23-Mar-2018 09:01:43 UTC] PHP  11. WP_Upgrader->run() /home/ubuntu/workspace/wp-content/themes/confidence/includes/class-tgm-plugin-activation.php:3258
[23-Mar-2018 09:01:43 UTC] PHP  12. TGMPA_Bulk_Installer_Skin->after() /home/ubuntu/workspace/wp-admin/includes/class-wp-upgrader.php:759
[23-Mar-2018 09:01:43 UTC] PHP  13. Bulk_Upgrader_Skin->after() /home/ubuntu/workspace/wp-content/themes/confidence/includes/class-tgm-plugin-activation.php:3638
[23-Mar-2018 09:01:43 UTC] PHP  14. sprintf() /home/ubuntu/workspace/wp-admin/includes/class-bulk-upgrader-skin.php:150
[23-Mar-2018 09:01:43 UTC] PHP Warning:  sprintf(): Too few arguments in /home/ubuntu/workspace/wp-admin/includes/class-bulk-upgrader-skin.php on line 150
[23-Mar-2018 09:01:43 UTC] PHP Stack trace:
[23-Mar-2018 09:01:43 UTC] PHP   1. {main}() /home/ubuntu/workspace/wp-admin/themes.php:0
[23-Mar-2018 09:01:43 UTC] PHP   2. require_once() /home/ubuntu/workspace/wp-admin/themes.php:10
[23-Mar-2018 09:01:43 UTC] PHP   3. do_action() /home/ubuntu/workspace/wp-admin/admin.php:224
[23-Mar-2018 09:01:43 UTC] PHP   4. WP_Hook->do_action() /home/ubuntu/workspace/wp-includes/plugin.php:453
[23-Mar-2018 09:01:43 UTC] PHP   5. WP_Hook->apply_filters() /home/ubuntu/workspace/wp-includes/class-wp-hook.php:310
[23-Mar-2018 09:01:43 UTC] PHP   6. call_user_func_array:{/home/ubuntu/workspace/wp-includes/class-wp-hook.php:286}() /home/ubuntu/workspace/wp-includes/class-wp-hook.php:286
[23-Mar-2018 09:01:43 UTC] PHP   7. TGM_Plugin_Activation->install_plugins_page() /home/ubuntu/workspace/wp-includes/class-wp-hook.php:286
[23-Mar-2018 09:01:43 UTC] PHP   8. TGMPA_List_Table->process_bulk_actions() /home/ubuntu/workspace/wp-content/themes/confidence/includes/class-tgm-plugin-activation.php:743
[23-Mar-2018 09:01:43 UTC] PHP   9. TGMPA_Bulk_Installer->bulk_install() /home/ubuntu/workspace/wp-content/themes/confidence/includes/class-tgm-plugin-activation.php:2977
[23-Mar-2018 09:01:43 UTC] PHP  10. TGMPA_Bulk_Installer->run() /home/ubuntu/workspace/wp-content/themes/confidence/includes/class-tgm-plugin-activation.php:3374
[23-Mar-2018 09:01:43 UTC] PHP  11. WP_Upgrader->run() /home/ubuntu/workspace/wp-content/themes/confidence/includes/class-tgm-plugin-activation.php:3258
[23-Mar-2018 09:01:43 UTC] PHP  12. TGMPA_Bulk_Installer_Skin->after() /home/ubuntu/workspace/wp-admin/includes/class-wp-upgrader.php:759
[23-Mar-2018 09:01:43 UTC] PHP  13. Bulk_Upgrader_Skin->after() /home/ubuntu/workspace/wp-content/themes/confidence/includes/class-tgm-plugin-activation.php:3638
[23-Mar-2018 09:01:43 UTC] PHP  14. sprintf() /home/ubuntu/workspace/wp-admin/includes/class-bulk-upgrader-skin.php:150
[23-Mar-2018 09:01:43 UTC] PHP Warning:  sprintf(): Too few arguments in /home/ubuntu/workspace/wp-admin/includes/class-bulk-upgrader-skin.php on line 150
[23-Mar-2018 09:01:43 UTC] PHP Stack trace:
[23-Mar-2018 09:01:43 UTC] PHP   1. {main}() /home/ubuntu/workspace/wp-admin/themes.php:0
[23-Mar-2018 09:01:43 UTC] PHP   2. require_once() /home/ubuntu/workspace/wp-admin/themes.php:10
[23-Mar-2018 09:01:43 UTC] PHP   3. do_action() /home/ubuntu/workspace/wp-admin/admin.php:224
[23-Mar-2018 09:01:43 UTC] PHP   4. WP_Hook->do_action() /home/ubuntu/workspace/wp-includes/plugin.php:453
[23-Mar-2018 09:01:43 UTC] PHP   5. WP_Hook->apply_filters() /home/ubuntu/workspace/wp-includes/class-wp-hook.php:310
[23-Mar-2018 09:01:43 UTC] PHP   6. call_user_func_array:{/home/ubuntu/workspace/wp-includes/class-wp-hook.php:286}() /home/ubuntu/workspace/wp-includes/class-wp-hook.php:286
[23-Mar-2018 09:01:43 UTC] PHP   7. TGM_Plugin_Activation->install_plugins_page() /home/ubuntu/workspace/wp-includes/class-wp-hook.php:286
[23-Mar-2018 09:01:43 UTC] PHP   8. TGMPA_List_Table->process_bulk_actions() /home/ubuntu/workspace/wp-content/themes/confidence/includes/class-tgm-plugin-activation.php:743
[23-Mar-2018 09:01:43 UTC] PHP   9. TGMPA_Bulk_Installer->bulk_install() /home/ubuntu/workspace/wp-content/themes/confidence/includes/class-tgm-plugin-activation.php:2977
[23-Mar-2018 09:01:43 UTC] PHP  10. TGMPA_Bulk_Installer->run() /home/ubuntu/workspace/wp-content/themes/confidence/includes/class-tgm-plugin-activation.php:3374
[23-Mar-2018 09:01:43 UTC] PHP  11. WP_Upgrader->run() /home/ubuntu/workspace/wp-content/themes/confidence/includes/class-tgm-plugin-activation.php:3258
[23-Mar-2018 09:01:43 UTC] PHP  12. TGMPA_Bulk_Installer_Skin->after() /home/ubuntu/workspace/wp-admin/includes/class-wp-upgrader.php:759
[23-Mar-2018 09:01:43 UTC] PHP  13. Bulk_Upgrader_Skin->after() /home/ubuntu/workspace/wp-content/themes/confidence/includes/class-tgm-plugin-activation.php:3638
[23-Mar-2018 09:01:43 UTC] PHP  14. sprintf() /home/ubuntu/workspace/wp-admin/includes/class-bulk-upgrader-skin.php:150
[23-Mar-2018 09:02:18 UTC] PHP Warning:  sprintf(): Too few arguments in /home/ubuntu/workspace/wp-admin/includes/class-bulk-upgrader-skin.php on line 150
[23-Mar-2018 09:02:18 UTC] PHP Stack trace:
[23-Mar-2018 09:02:18 UTC] PHP   1. {main}() /home/ubuntu/workspace/wp-admin/themes.php:0
[23-Mar-2018 09:02:18 UTC] PHP   2. require_once() /home/ubuntu/workspace/wp-admin/themes.php:10
[23-Mar-2018 09:02:18 UTC] PHP   3. do_action() /home/ubuntu/workspace/wp-admin/admin.php:224
[23-Mar-2018 09:02:18 UTC] PHP   4. WP_Hook->do_action() /home/ubuntu/workspace/wp-includes/plugin.php:453
[23-Mar-2018 09:02:18 UTC] PHP   5. WP_Hook->apply_filters() /home/ubuntu/workspace/wp-includes/class-wp-hook.php:310
[23-Mar-2018 09:02:18 UTC] PHP   6. call_user_func_array:{/home/ubuntu/workspace/wp-includes/class-wp-hook.php:286}() /home/ubuntu/workspace/wp-includes/class-wp-hook.php:286
[23-Mar-2018 09:02:18 UTC] PHP   7. TGM_Plugin_Activation->install_plugins_page() /home/ubuntu/workspace/wp-includes/class-wp-hook.php:286
[23-Mar-2018 09:02:18 UTC] PHP   8. TGMPA_List_Table->process_bulk_actions() /home/ubuntu/workspace/wp-content/themes/confidence/includes/class-tgm-plugin-activation.php:743
[23-Mar-2018 09:02:18 UTC] PHP   9. TGMPA_Bulk_Installer->bulk_install() /home/ubuntu/workspace/wp-content/themes/confidence/includes/class-tgm-plugin-activation.php:2977
[23-Mar-2018 09:02:18 UTC] PHP  10. TGMPA_Bulk_Installer->run() /home/ubuntu/workspace/wp-content/themes/confidence/includes/class-tgm-plugin-activation.php:3374
[23-Mar-2018 09:02:18 UTC] PHP  11. WP_Upgrader->run() /home/ubuntu/workspace/wp-content/themes/confidence/includes/class-tgm-plugin-activation.php:3258
[23-Mar-2018 09:02:18 UTC] PHP  12. TGMPA_Bulk_Installer_Skin->after() /home/ubuntu/workspace/wp-admin/includes/class-wp-upgrader.php:759
[23-Mar-2018 09:02:18 UTC] PHP  13. Bulk_Upgrader_Skin->after() /home/ubuntu/workspace/wp-content/themes/confidence/includes/class-tgm-plugin-activation.php:3638
[23-Mar-2018 09:02:18 UTC] PHP  14. sprintf() /home/ubuntu/workspace/wp-admin/includes/class-bulk-upgrader-skin.php:150
[23-Mar-2018 09:02:20 UTC] PHP Warning:  sprintf(): Too few arguments in /home/ubuntu/workspace/wp-admin/includes/class-bulk-upgrader-skin.php on line 150
[23-Mar-2018 09:02:20 UTC] PHP Stack trace:
[23-Mar-2018 09:02:20 UTC] PHP   1. {main}() /home/ubuntu/workspace/wp-admin/themes.php:0
[23-Mar-2018 09:02:20 UTC] PHP   2. require_once() /home/ubuntu/workspace/wp-admin/themes.php:10
[23-Mar-2018 09:02:20 UTC] PHP   3. do_action() /home/ubuntu/workspace/wp-admin/admin.php:224
[23-Mar-2018 09:02:20 UTC] PHP   4. WP_Hook->do_action() /home/ubuntu/workspace/wp-includes/plugin.php:453
[23-Mar-2018 09:02:20 UTC] PHP   5. WP_Hook->apply_filters() /home/ubuntu/workspace/wp-includes/class-wp-hook.php:310
[23-Mar-2018 09:02:20 UTC] PHP   6. call_user_func_array:{/home/ubuntu/workspace/wp-includes/class-wp-hook.php:286}() /home/ubuntu/workspace/wp-includes/class-wp-hook.php:286
[23-Mar-2018 09:02:20 UTC] PHP   7. TGM_Plugin_Activation->install_plugins_page() /home/ubuntu/workspace/wp-includes/class-wp-hook.php:286
[23-Mar-2018 09:02:20 UTC] PHP   8. TGMPA_List_Table->process_bulk_actions() /home/ubuntu/workspace/wp-content/themes/confidence/includes/class-tgm-plugin-activation.php:743
[23-Mar-2018 09:02:20 UTC] PHP   9. TGMPA_Bulk_Installer->bulk_install() /home/ubuntu/workspace/wp-content/themes/confidence/includes/class-tgm-plugin-activation.php:2977
[23-Mar-2018 09:02:20 UTC] PHP  10. TGMPA_Bulk_Installer->run() /home/ubuntu/workspace/wp-content/themes/confidence/includes/class-tgm-plugin-activation.php:3374
[23-Mar-2018 09:02:20 UTC] PHP  11. WP_Upgrader->run() /home/ubuntu/workspace/wp-content/themes/confidence/includes/class-tgm-plugin-activation.php:3258
[23-Mar-2018 09:02:20 UTC] PHP  12. TGMPA_Bulk_Installer_Skin->after() /home/ubuntu/workspace/wp-admin/includes/class-wp-upgrader.php:759
[23-Mar-2018 09:02:20 UTC] PHP  13. Bulk_Upgrader_Skin->after() /home/ubuntu/workspace/wp-content/themes/confidence/includes/class-tgm-plugin-activation.php:3638
[23-Mar-2018 09:02:20 UTC] PHP  14. sprintf() /home/ubuntu/workspace/wp-admin/includes/class-bulk-upgrader-skin.php:150
[23-Mar-2018 09:02:20 UTC] PHP Warning:  sprintf(): Too few arguments in /home/ubuntu/workspace/wp-admin/includes/class-bulk-upgrader-skin.php on line 150
[23-Mar-2018 09:02:20 UTC] PHP Stack trace:
[23-Mar-2018 09:02:20 UTC] PHP   1. {main}() /home/ubuntu/workspace/wp-admin/themes.php:0
[23-Mar-2018 09:02:20 UTC] PHP   2. require_once() /home/ubuntu/workspace/wp-admin/themes.php:10
[23-Mar-2018 09:02:20 UTC] PHP   3. do_action() /home/ubuntu/workspace/wp-admin/admin.php:224
[23-Mar-2018 09:02:20 UTC] PHP   4. WP_Hook->do_action() /home/ubuntu/workspace/wp-includes/plugin.php:453
[23-Mar-2018 09:02:20 UTC] PHP   5. WP_Hook->apply_filters() /home/ubuntu/workspace/wp-includes/class-wp-hook.php:310
[23-Mar-2018 09:02:20 UTC] PHP   6. call_user_func_array:{/home/ubuntu/workspace/wp-includes/class-wp-hook.php:286}() /home/ubuntu/workspace/wp-includes/class-wp-hook.php:286
[23-Mar-2018 09:02:20 UTC] PHP   7. TGM_Plugin_Activation->install_plugins_page() /home/ubuntu/workspace/wp-includes/class-wp-hook.php:286
[23-Mar-2018 09:02:20 UTC] PHP   8. TGMPA_List_Table->process_bulk_actions() /home/ubuntu/workspace/wp-content/themes/confidence/includes/class-tgm-plugin-activation.php:743
[23-Mar-2018 09:02:20 UTC] PHP   9. TGMPA_Bulk_Installer->bulk_install() /home/ubuntu/workspace/wp-content/themes/confidence/includes/class-tgm-plugin-activation.php:2977
[23-Mar-2018 09:02:20 UTC] PHP  10. TGMPA_Bulk_Installer->run() /home/ubuntu/workspace/wp-content/themes/confidence/includes/class-tgm-plugin-activation.php:3374
[23-Mar-2018 09:02:20 UTC] PHP  11. WP_Upgrader->run() /home/ubuntu/workspace/wp-content/themes/confidence/includes/class-tgm-plugin-activation.php:3258
[23-Mar-2018 09:02:20 UTC] PHP  12. TGMPA_Bulk_Installer_Skin->after() /home/ubuntu/workspace/wp-admin/includes/class-wp-upgrader.php:759
[23-Mar-2018 09:02:20 UTC] PHP  13. Bulk_Upgrader_Skin->after() /home/ubuntu/workspace/wp-content/themes/confidence/includes/class-tgm-plugin-activation.php:3638
[23-Mar-2018 09:02:20 UTC] PHP  14. sprintf() /home/ubuntu/workspace/wp-admin/includes/class-bulk-upgrader-skin.php:150
[23-Mar-2018 09:02:20 UTC] PHP Warning:  sprintf(): Too few arguments in /home/ubuntu/workspace/wp-admin/includes/class-bulk-upgrader-skin.php on line 150
[23-Mar-2018 09:02:20 UTC] PHP Stack trace:
[23-Mar-2018 09:02:20 UTC] PHP   1. {main}() /home/ubuntu/workspace/wp-admin/themes.php:0
[23-Mar-2018 09:02:20 UTC] PHP   2. require_once() /home/ubuntu/workspace/wp-admin/themes.php:10
[23-Mar-2018 09:02:20 UTC] PHP   3. do_action() /home/ubuntu/workspace/wp-admin/admin.php:224
[23-Mar-2018 09:02:20 UTC] PHP   4. WP_Hook->do_action() /home/ubuntu/workspace/wp-includes/plugin.php:453
[23-Mar-2018 09:02:20 UTC] PHP   5. WP_Hook->apply_filters() /home/ubuntu/workspace/wp-includes/class-wp-hook.php:310
[23-Mar-2018 09:02:20 UTC] PHP   6. call_user_func_array:{/home/ubuntu/workspace/wp-includes/class-wp-hook.php:286}() /home/ubuntu/workspace/wp-includes/class-wp-hook.php:286
[23-Mar-2018 09:02:20 UTC] PHP   7. TGM_Plugin_Activation->install_plugins_page() /home/ubuntu/workspace/wp-includes/class-wp-hook.php:286
[23-Mar-2018 09:02:20 UTC] PHP   8. TGMPA_List_Table->process_bulk_actions() /home/ubuntu/workspace/wp-content/themes/confidence/includes/class-tgm-plugin-activation.php:743
[23-Mar-2018 09:02:20 UTC] PHP   9. TGMPA_Bulk_Installer->bulk_install() /home/ubuntu/workspace/wp-content/themes/confidence/includes/class-tgm-plugin-activation.php:2977
[23-Mar-2018 09:02:20 UTC] PHP  10. TGMPA_Bulk_Installer->run() /home/ubuntu/workspace/wp-content/themes/confidence/includes/class-tgm-plugin-activation.php:3374
[23-Mar-2018 09:02:20 UTC] PHP  11. WP_Upgrader->run() /home/ubuntu/workspace/wp-content/themes/confidence/includes/class-tgm-plugin-activation.php:3258
[23-Mar-2018 09:02:20 UTC] PHP  12. TGMPA_Bulk_Installer_Skin->after() /home/ubuntu/workspace/wp-admin/includes/class-wp-upgrader.php:759
[23-Mar-2018 09:02:20 UTC] PHP  13. Bulk_Upgrader_Skin->after() /home/ubuntu/workspace/wp-content/themes/confidence/includes/class-tgm-plugin-activation.php:3638
[23-Mar-2018 09:02:20 UTC] PHP  14. sprintf() /home/ubuntu/workspace/wp-admin/includes/class-bulk-upgrader-skin.php:150
[23-Mar-2018 09:02:26 UTC] PHP Warning:  sprintf(): Too few arguments in /home/ubuntu/workspace/wp-admin/includes/class-bulk-upgrader-skin.php on line 150
[23-Mar-2018 09:02:26 UTC] PHP Stack trace:
[23-Mar-2018 09:02:26 UTC] PHP   1. {main}() /home/ubuntu/workspace/wp-admin/themes.php:0
[23-Mar-2018 09:02:26 UTC] PHP   2. require_once() /home/ubuntu/workspace/wp-admin/themes.php:10
[23-Mar-2018 09:02:26 UTC] PHP   3. do_action() /home/ubuntu/workspace/wp-admin/admin.php:224
[23-Mar-2018 09:02:26 UTC] PHP   4. WP_Hook->do_action() /home/ubuntu/workspace/wp-includes/plugin.php:453
[23-Mar-2018 09:02:26 UTC] PHP   5. WP_Hook->apply_filters() /home/ubuntu/workspace/wp-includes/class-wp-hook.php:310
[23-Mar-2018 09:02:26 UTC] PHP   6. call_user_func_array:{/home/ubuntu/workspace/wp-includes/class-wp-hook.php:286}() /home/ubuntu/workspace/wp-includes/class-wp-hook.php:286
[23-Mar-2018 09:02:26 UTC] PHP   7. TGM_Plugin_Activation->install_plugins_page() /home/ubuntu/workspace/wp-includes/class-wp-hook.php:286
[23-Mar-2018 09:02:26 UTC] PHP   8. TGMPA_List_Table->process_bulk_actions() /home/ubuntu/workspace/wp-content/themes/confidence/includes/class-tgm-plugin-activation.php:743
[23-Mar-2018 09:02:26 UTC] PHP   9. TGMPA_Bulk_Installer->bulk_install() /home/ubuntu/workspace/wp-content/themes/confidence/includes/class-tgm-plugin-activation.php:2977
[23-Mar-2018 09:02:26 UTC] PHP  10. TGMPA_Bulk_Installer->run() /home/ubuntu/workspace/wp-content/themes/confidence/includes/class-tgm-plugin-activation.php:3374
[23-Mar-2018 09:02:26 UTC] PHP  11. WP_Upgrader->run() /home/ubuntu/workspace/wp-content/themes/confidence/includes/class-tgm-plugin-activation.php:3258
[23-Mar-2018 09:02:26 UTC] PHP  12. TGMPA_Bulk_Installer_Skin->after() /home/ubuntu/workspace/wp-admin/includes/class-wp-upgrader.php:759
[23-Mar-2018 09:02:26 UTC] PHP  13. Bulk_Upgrader_Skin->after() /home/ubuntu/workspace/wp-content/themes/confidence/includes/class-tgm-plugin-activation.php:3638
[23-Mar-2018 09:02:26 UTC] PHP  14. sprintf() /home/ubuntu/workspace/wp-admin/includes/class-bulk-upgrader-skin.php:150
[23-Mar-2018 09:05:07 UTC] PHP Warning:  require(twitter-feed-for-developers-settings.php): failed to open stream: No such file or directory in /home/ubuntu/workspace/wp-content/themes/ecobox/inc/twitter-includes/twitter-feed-for-developers.php on line 14
[23-Mar-2018 09:05:07 UTC] PHP Stack trace:
[23-Mar-2018 09:05:07 UTC] PHP   1. {main}() /home/ubuntu/workspace/wp-admin/themes.php:0
[23-Mar-2018 09:05:07 UTC] PHP   2. require_once() /home/ubuntu/workspace/wp-admin/themes.php:10
[23-Mar-2018 09:05:07 UTC] PHP   3. require_once() /home/ubuntu/workspace/wp-admin/admin.php:31
[23-Mar-2018 09:05:07 UTC] PHP   4. require_once() /home/ubuntu/workspace/wp-load.php:37
[23-Mar-2018 09:05:07 UTC] PHP   5. require_once() /home/ubuntu/workspace/wp-config.php:92
[23-Mar-2018 09:05:07 UTC] PHP   6. include() /home/ubuntu/workspace/wp-settings.php:426
[23-Mar-2018 09:05:07 UTC] PHP   7. require_once() /home/ubuntu/workspace/wp-content/themes/ecobox/functions.php:29
[23-Mar-2018 09:05:07 UTC] PHP Fatal error:  require(): Failed opening required 'twitter-feed-for-developers-settings.php' (include_path='.:/usr/share/php:/usr/share/pear') in /home/ubuntu/workspace/wp-content/themes/ecobox/inc/twitter-includes/twitter-feed-for-developers.php on line 14
[23-Mar-2018 09:05:07 UTC] PHP Stack trace:
[23-Mar-2018 09:05:07 UTC] PHP   1. {main}() /home/ubuntu/workspace/wp-admin/themes.php:0
[23-Mar-2018 09:05:07 UTC] PHP   2. require_once() /home/ubuntu/workspace/wp-admin/themes.php:10
[23-Mar-2018 09:05:07 UTC] PHP   3. require_once() /home/ubuntu/workspace/wp-admin/admin.php:31
[23-Mar-2018 09:05:07 UTC] PHP   4. require_once() /home/ubuntu/workspace/wp-load.php:37
[23-Mar-2018 09:05:07 UTC] PHP   5. require_once() /home/ubuntu/workspace/wp-config.php:92
[23-Mar-2018 09:05:07 UTC] PHP   6. include() /home/ubuntu/workspace/wp-settings.php:426
[23-Mar-2018 09:05:07 UTC] PHP   7. require_once() /home/ubuntu/workspace/wp-content/themes/ecobox/functions.php:29
[23-Mar-2018 09:05:17 UTC] PHP Warning:  require(twitter-feed-for-developers-settings.php): failed to open stream: No such file or directory in /home/ubuntu/workspace/wp-content/themes/ecobox/inc/twitter-includes/twitter-feed-for-developers.php on line 14
[23-Mar-2018 09:05:17 UTC] PHP Stack trace:
[23-Mar-2018 09:05:17 UTC] PHP   1. {main}() /home/ubuntu/workspace/wp-admin/themes.php:0
[23-Mar-2018 09:05:17 UTC] PHP   2. require_once() /home/ubuntu/workspace/wp-admin/themes.php:10
[23-Mar-2018 09:05:17 UTC] PHP   3. require_once() /home/ubuntu/workspace/wp-admin/admin.php:31
[23-Mar-2018 09:05:17 UTC] PHP   4. require_once() /home/ubuntu/workspace/wp-load.php:37
[23-Mar-2018 09:05:17 UTC] PHP   5. require_once() /home/ubuntu/workspace/wp-config.php:92
[23-Mar-2018 09:05:17 UTC] PHP   6. include() /home/ubuntu/workspace/wp-settings.php:426
[23-Mar-2018 09:05:17 UTC] PHP   7. require_once() /home/ubuntu/workspace/wp-content/themes/ecobox/functions.php:29
[23-Mar-2018 09:05:17 UTC] PHP Fatal error:  require(): Failed opening required 'twitter-feed-for-developers-settings.php' (include_path='.:/usr/share/php:/usr/share/pear') in /home/ubuntu/workspace/wp-content/themes/ecobox/inc/twitter-includes/twitter-feed-for-developers.php on line 14
[23-Mar-2018 09:05:17 UTC] PHP Stack trace:
[23-Mar-2018 09:05:17 UTC] PHP   1. {main}() /home/ubuntu/workspace/wp-admin/themes.php:0
[23-Mar-2018 09:05:17 UTC] PHP   2. require_once() /home/ubuntu/workspace/wp-admin/themes.php:10
[23-Mar-2018 09:05:17 UTC] PHP   3. require_once() /home/ubuntu/workspace/wp-admin/admin.php:31
[23-Mar-2018 09:05:17 UTC] PHP   4. require_once() /home/ubuntu/workspace/wp-load.php:37
[23-Mar-2018 09:05:17 UTC] PHP   5. require_once() /home/ubuntu/workspace/wp-config.php:92
[23-Mar-2018 09:05:17 UTC] PHP   6. include() /home/ubuntu/workspace/wp-settings.php:426
[23-Mar-2018 09:05:17 UTC] PHP   7. require_once() /home/ubuntu/workspace/wp-content/themes/ecobox/functions.php:29
[23-Mar-2018 09:10:02 UTC] PHP Warning:  include(/home/ubuntu/workspace/wp-content/themes/humble/inc/widgets/widget_banner_ads.php): failed to open stream: No such file or directory in /home/ubuntu/workspace/wp-content/themes/humble/functions.php on line 202
[23-Mar-2018 09:10:02 UTC] PHP Stack trace:
[23-Mar-2018 09:10:02 UTC] PHP   1. {main}() /home/ubuntu/workspace/wp-admin/customize.php:0
[23-Mar-2018 09:10:02 UTC] PHP   2. require_once() /home/ubuntu/workspace/wp-admin/customize.php:13
[23-Mar-2018 09:10:02 UTC] PHP   3. require_once() /home/ubuntu/workspace/wp-admin/admin.php:31
[23-Mar-2018 09:10:02 UTC] PHP   4. require_once() /home/ubuntu/workspace/wp-load.php:37
[23-Mar-2018 09:10:02 UTC] PHP   5. require_once() /home/ubuntu/workspace/wp-config.php:92
[23-Mar-2018 09:10:02 UTC] PHP   6. include() /home/ubuntu/workspace/wp-settings.php:426
[23-Mar-2018 09:10:02 UTC] PHP Warning:  include(): Failed opening '/home/ubuntu/workspace/wp-content/themes/humble/inc/widgets/widget_banner_ads.php' for inclusion (include_path='.:/usr/share/php:/usr/share/pear') in /home/ubuntu/workspace/wp-content/themes/humble/functions.php on line 202
[23-Mar-2018 09:10:02 UTC] PHP Stack trace:
[23-Mar-2018 09:10:02 UTC] PHP   1. {main}() /home/ubuntu/workspace/wp-admin/customize.php:0
[23-Mar-2018 09:10:02 UTC] PHP   2. require_once() /home/ubuntu/workspace/wp-admin/customize.php:13
[23-Mar-2018 09:10:02 UTC] PHP   3. require_once() /home/ubuntu/workspace/wp-admin/admin.php:31
[23-Mar-2018 09:10:02 UTC] PHP   4. require_once() /home/ubuntu/workspace/wp-load.php:37
[23-Mar-2018 09:10:02 UTC] PHP   5. require_once() /home/ubuntu/workspace/wp-config.php:92
[23-Mar-2018 09:10:02 UTC] PHP   6. include() /home/ubuntu/workspace/wp-settings.php:426
[23-Mar-2018 09:10:37 UTC] PHP Warning:  include(/home/ubuntu/workspace/wp-content/themes/humble/inc/widgets/widget_banner_ads.php): failed to open stream: No such file or directory in /home/ubuntu/workspace/wp-content/themes/humble/functions.php on line 202
[23-Mar-2018 09:10:37 UTC] PHP Stack trace:
[23-Mar-2018 09:10:37 UTC] PHP   1. {main}() /home/ubuntu/workspace/wp-admin/admin-ajax.php:0
[23-Mar-2018 09:10:37 UTC] PHP   2. require_once() /home/ubuntu/workspace/wp-admin/admin-ajax.php:22
[23-Mar-2018 09:10:37 UTC] PHP   3. require_once() /home/ubuntu/workspace/wp-load.php:37
[23-Mar-2018 09:10:37 UTC] PHP   4. require_once() /home/ubuntu/workspace/wp-config.php:92
[23-Mar-2018 09:10:37 UTC] PHP   5. include() /home/ubuntu/workspace/wp-settings.php:426
[23-Mar-2018 09:10:37 UTC] PHP Warning:  include(): Failed opening '/home/ubuntu/workspace/wp-content/themes/humble/inc/widgets/widget_banner_ads.php' for inclusion (include_path='.:/usr/share/php:/usr/share/pear') in /home/ubuntu/workspace/wp-content/themes/humble/functions.php on line 202
[23-Mar-2018 09:10:37 UTC] PHP Stack trace:
[23-Mar-2018 09:10:37 UTC] PHP   1. {main}() /home/ubuntu/workspace/wp-admin/admin-ajax.php:0
[23-Mar-2018 09:10:37 UTC] PHP   2. require_once() /home/ubuntu/workspace/wp-admin/admin-ajax.php:22
[23-Mar-2018 09:10:37 UTC] PHP   3. require_once() /home/ubuntu/workspace/wp-load.php:37
[23-Mar-2018 09:10:37 UTC] PHP   4. require_once() /home/ubuntu/workspace/wp-config.php:92
[23-Mar-2018 09:10:37 UTC] PHP   5. include() /home/ubuntu/workspace/wp-settings.php:426
[23-Mar-2018 09:11:11 UTC] PHP Warning:  include(/home/ubuntu/workspace/wp-content/themes/humble/inc/widgets/widget_banner_ads.php): failed to open stream: No such file or directory in /home/ubuntu/workspace/wp-content/themes/humble/functions.php on line 202
[23-Mar-2018 09:11:11 UTC] PHP Stack trace:
[23-Mar-2018 09:11:11 UTC] PHP   1. {main}() /home/ubuntu/workspace/wp-admin/customize.php:0
[23-Mar-2018 09:11:11 UTC] PHP   2. require_once() /home/ubuntu/workspace/wp-admin/customize.php:13
[23-Mar-2018 09:11:11 UTC] PHP   3. require_once() /home/ubuntu/workspace/wp-admin/admin.php:31
[23-Mar-2018 09:11:11 UTC] PHP   4. require_once() /home/ubuntu/workspace/wp-load.php:37
[23-Mar-2018 09:11:11 UTC] PHP   5. require_once() /home/ubuntu/workspace/wp-config.php:92
[23-Mar-2018 09:11:11 UTC] PHP   6. include() /home/ubuntu/workspace/wp-settings.php:426
[23-Mar-2018 09:11:11 UTC] PHP Warning:  include(): Failed opening '/home/ubuntu/workspace/wp-content/themes/humble/inc/widgets/widget_banner_ads.php' for inclusion (include_path='.:/usr/share/php:/usr/share/pear') in /home/ubuntu/workspace/wp-content/themes/humble/functions.php on line 202
[23-Mar-2018 09:11:11 UTC] PHP Stack trace:
[23-Mar-2018 09:11:11 UTC] PHP   1. {main}() /home/ubuntu/workspace/wp-admin/customize.php:0
[23-Mar-2018 09:11:11 UTC] PHP   2. require_once() /home/ubuntu/workspace/wp-admin/customize.php:13
[23-Mar-2018 09:11:11 UTC] PHP   3. require_once() /home/ubuntu/workspace/wp-admin/admin.php:31
[23-Mar-2018 09:11:11 UTC] PHP   4. require_once() /home/ubuntu/workspace/wp-load.php:37
[23-Mar-2018 09:11:11 UTC] PHP   5. require_once() /home/ubuntu/workspace/wp-config.php:92
[23-Mar-2018 09:11:11 UTC] PHP   6. include() /home/ubuntu/workspace/wp-settings.php:426
[23-Mar-2018 09:11:43 UTC] PHP Warning:  include(/home/ubuntu/workspace/wp-content/themes/humble/inc/widgets/widget_banner_ads.php): failed to open stream: No such file or directory in /home/ubuntu/workspace/wp-content/themes/humble/functions.php on line 202
[23-Mar-2018 09:11:43 UTC] PHP Stack trace:
[23-Mar-2018 09:11:43 UTC] PHP   1. {main}() /home/ubuntu/workspace/wp-admin/admin-ajax.php:0
[23-Mar-2018 09:11:43 UTC] PHP   2. require_once() /home/ubuntu/workspace/wp-admin/admin-ajax.php:22
[23-Mar-2018 09:11:43 UTC] PHP   3. require_once() /home/ubuntu/workspace/wp-load.php:37
[23-Mar-2018 09:11:43 UTC] PHP   4. require_once() /home/ubuntu/workspace/wp-config.php:92
[23-Mar-2018 09:11:43 UTC] PHP   5. include() /home/ubuntu/workspace/wp-settings.php:426
[23-Mar-2018 09:11:43 UTC] PHP Warning:  include(): Failed opening '/home/ubuntu/workspace/wp-content/themes/humble/inc/widgets/widget_banner_ads.php' for inclusion (include_path='.:/usr/share/php:/usr/share/pear') in /home/ubuntu/workspace/wp-content/themes/humble/functions.php on line 202
[23-Mar-2018 09:11:43 UTC] PHP Stack trace:
[23-Mar-2018 09:11:43 UTC] PHP   1. {main}() /home/ubuntu/workspace/wp-admin/admin-ajax.php:0
[23-Mar-2018 09:11:43 UTC] PHP   2. require_once() /home/ubuntu/workspace/wp-admin/admin-ajax.php:22
[23-Mar-2018 09:11:43 UTC] PHP   3. require_once() /home/ubuntu/workspace/wp-load.php:37
[23-Mar-2018 09:11:43 UTC] PHP   4. require_once() /home/ubuntu/workspace/wp-config.php:92
[23-Mar-2018 09:11:43 UTC] PHP   5. include() /home/ubuntu/workspace/wp-settings.php:426
[23-Mar-2018 09:11:52 UTC] PHP Warning:  include(/home/ubuntu/workspace/wp-content/themes/humble/inc/widgets/widget_banner_ads.php): failed to open stream: No such file or directory in /home/ubuntu/workspace/wp-content/themes/humble/functions.php on line 202
[23-Mar-2018 09:11:52 UTC] PHP Stack trace:
[23-Mar-2018 09:11:52 UTC] PHP   1. {main}() /home/ubuntu/workspace/wp-admin/themes.php:0
[23-Mar-2018 09:11:52 UTC] PHP   2. require_once() /home/ubuntu/workspace/wp-admin/themes.php:10
[23-Mar-2018 09:11:52 UTC] PHP   3. require_once() /home/ubuntu/workspace/wp-admin/admin.php:31
[23-Mar-2018 09:11:52 UTC] PHP   4. require_once() /home/ubuntu/workspace/wp-load.php:37
[23-Mar-2018 09:11:52 UTC] PHP   5. require_once() /home/ubuntu/workspace/wp-config.php:92
[23-Mar-2018 09:11:52 UTC] PHP   6. include() /home/ubuntu/workspace/wp-settings.php:426
[23-Mar-2018 09:11:52 UTC] PHP Warning:  include(): Failed opening '/home/ubuntu/workspace/wp-content/themes/humble/inc/widgets/widget_banner_ads.php' for inclusion (include_path='.:/usr/share/php:/usr/share/pear') in /home/ubuntu/workspace/wp-content/themes/humble/functions.php on line 202
[23-Mar-2018 09:11:52 UTC] PHP Stack trace:
[23-Mar-2018 09:11:52 UTC] PHP   1. {main}() /home/ubuntu/workspace/wp-admin/themes.php:0
[23-Mar-2018 09:11:52 UTC] PHP   2. require_once() /home/ubuntu/workspace/wp-admin/themes.php:10
[23-Mar-2018 09:11:52 UTC] PHP   3. require_once() /home/ubuntu/workspace/wp-admin/admin.php:31
[23-Mar-2018 09:11:52 UTC] PHP   4. require_once() /home/ubuntu/workspace/wp-load.php:37
[23-Mar-2018 09:11:52 UTC] PHP   5. require_once() /home/ubuntu/workspace/wp-config.php:92
[23-Mar-2018 09:11:52 UTC] PHP   6. include() /home/ubuntu/workspace/wp-settings.php:426
[23-Mar-2018 09:11:53 UTC] PHP Warning:  include(/home/ubuntu/workspace/wp-content/themes/humble/inc/widgets/widget_banner_ads.php): failed to open stream: No such file or directory in /home/ubuntu/workspace/wp-content/themes/humble/functions.php on line 202
[23-Mar-2018 09:11:53 UTC] PHP Stack trace:
[23-Mar-2018 09:11:53 UTC] PHP   1. {main}() /home/ubuntu/workspace/wp-admin/admin-ajax.php:0
[23-Mar-2018 09:11:53 UTC] PHP   2. require_once() /home/ubuntu/workspace/wp-admin/admin-ajax.php:22
[23-Mar-2018 09:11:53 UTC] PHP   3. require_once() /home/ubuntu/workspace/wp-load.php:37
[23-Mar-2018 09:11:53 UTC] PHP   4. require_once() /home/ubuntu/workspace/wp-config.php:92
[23-Mar-2018 09:11:53 UTC] PHP   5. include() /home/ubuntu/workspace/wp-settings.php:426
[23-Mar-2018 09:11:53 UTC] PHP Warning:  include(): Failed opening '/home/ubuntu/workspace/wp-content/themes/humble/inc/widgets/widget_banner_ads.php' for inclusion (include_path='.:/usr/share/php:/usr/share/pear') in /home/ubuntu/workspace/wp-content/themes/humble/functions.php on line 202
[23-Mar-2018 09:11:53 UTC] PHP Stack trace:
[23-Mar-2018 09:11:53 UTC] PHP   1. {main}() /home/ubuntu/workspace/wp-admin/admin-ajax.php:0
[23-Mar-2018 09:11:53 UTC] PHP   2. require_once() /home/ubuntu/workspace/wp-admin/admin-ajax.php:22
[23-Mar-2018 09:11:53 UTC] PHP   3. require_once() /home/ubuntu/workspace/wp-load.php:37
[23-Mar-2018 09:11:53 UTC] PHP   4. require_once() /home/ubuntu/workspace/wp-config.php:92
[23-Mar-2018 09:11:53 UTC] PHP   5. include() /home/ubuntu/workspace/wp-settings.php:426
[23-Mar-2018 09:11:56 UTC] PHP Warning:  include(/home/ubuntu/workspace/wp-content/themes/humble/inc/widgets/widget_banner_ads.php): failed to open stream: No such file or directory in /home/ubuntu/workspace/wp-content/themes/humble/functions.php on line 202
[23-Mar-2018 09:11:56 UTC] PHP Stack trace:
[23-Mar-2018 09:11:56 UTC] PHP   1. {main}() /home/ubuntu/workspace/wp-admin/admin-ajax.php:0
[23-Mar-2018 09:11:56 UTC] PHP   2. require_once() /home/ubuntu/workspace/wp-admin/admin-ajax.php:22
[23-Mar-2018 09:11:56 UTC] PHP   3. require_once() /home/ubuntu/workspace/wp-load.php:37
[23-Mar-2018 09:11:56 UTC] PHP   4. require_once() /home/ubuntu/workspace/wp-config.php:92
[23-Mar-2018 09:11:56 UTC] PHP   5. include() /home/ubuntu/workspace/wp-settings.php:426
[23-Mar-2018 09:11:56 UTC] PHP Warning:  include(): Failed opening '/home/ubuntu/workspace/wp-content/themes/humble/inc/widgets/widget_banner_ads.php' for inclusion (include_path='.:/usr/share/php:/usr/share/pear') in /home/ubuntu/workspace/wp-content/themes/humble/functions.php on line 202
[23-Mar-2018 09:11:56 UTC] PHP Stack trace:
[23-Mar-2018 09:11:56 UTC] PHP   1. {main}() /home/ubuntu/workspace/wp-admin/admin-ajax.php:0
[23-Mar-2018 09:11:56 UTC] PHP   2. require_once() /home/ubuntu/workspace/wp-admin/admin-ajax.php:22
[23-Mar-2018 09:11:56 UTC] PHP   3. require_once() /home/ubuntu/workspace/wp-load.php:37
[23-Mar-2018 09:11:56 UTC] PHP   4. require_once() /home/ubuntu/workspace/wp-config.php:92
[23-Mar-2018 09:11:56 UTC] PHP   5. include() /home/ubuntu/workspace/wp-settings.php:426
[23-Mar-2018 09:11:56 UTC] PHP Warning:  include(/home/ubuntu/workspace/wp-content/themes/humble/inc/widgets/widget_banner_ads.php): failed to open stream: No such file or directory in /home/ubuntu/workspace/wp-content/themes/humble/functions.php on line 202
[23-Mar-2018 09:11:56 UTC] PHP Stack trace:
[23-Mar-2018 09:11:56 UTC] PHP   1. {main}() /home/ubuntu/workspace/wp-admin/admin-ajax.php:0
[23-Mar-2018 09:11:56 UTC] PHP   2. require_once() /home/ubuntu/workspace/wp-admin/admin-ajax.php:22
[23-Mar-2018 09:11:56 UTC] PHP   3. require_once() /home/ubuntu/workspace/wp-load.php:37
[23-Mar-2018 09:11:56 UTC] PHP   4. require_once() /home/ubuntu/workspace/wp-config.php:92
[23-Mar-2018 09:11:56 UTC] PHP   5. include() /home/ubuntu/workspace/wp-settings.php:426
[23-Mar-2018 09:11:56 UTC] PHP Warning:  include(): Failed opening '/home/ubuntu/workspace/wp-content/themes/humble/inc/widgets/widget_banner_ads.php' for inclusion (include_path='.:/usr/share/php:/usr/share/pear') in /home/ubuntu/workspace/wp-content/themes/humble/functions.php on line 202
[23-Mar-2018 09:11:56 UTC] PHP Stack trace:
[23-Mar-2018 09:11:56 UTC] PHP   1. {main}() /home/ubuntu/workspace/wp-admin/admin-ajax.php:0
[23-Mar-2018 09:11:56 UTC] PHP   2. require_once() /home/ubuntu/workspace/wp-admin/admin-ajax.php:22
[23-Mar-2018 09:11:56 UTC] PHP   3. require_once() /home/ubuntu/workspace/wp-load.php:37
[23-Mar-2018 09:11:56 UTC] PHP   4. require_once() /home/ubuntu/workspace/wp-config.php:92
[23-Mar-2018 09:11:56 UTC] PHP   5. include() /home/ubuntu/workspace/wp-settings.php:426
[23-Mar-2018 09:13:46 UTC] PHP Warning:  include(/home/ubuntu/workspace/wp-content/themes/humble/inc/widgets/widget_banner_ads.php): failed to open stream: No such file or directory in /home/ubuntu/workspace/wp-content/themes/humble/functions.php on line 202
[23-Mar-2018 09:13:46 UTC] PHP Stack trace:
[23-Mar-2018 09:13:46 UTC] PHP   1. {main}() /home/ubuntu/workspace/wp-admin/about.php:0
[23-Mar-2018 09:13:46 UTC] PHP   2. require_once() /home/ubuntu/workspace/wp-admin/about.php:10
[23-Mar-2018 09:13:46 UTC] PHP   3. require_once() /home/ubuntu/workspace/wp-admin/admin.php:31
[23-Mar-2018 09:13:46 UTC] PHP   4. require_once() /home/ubuntu/workspace/wp-load.php:37
[23-Mar-2018 09:13:46 UTC] PHP   5. require_once() /home/ubuntu/workspace/wp-config.php:92
[23-Mar-2018 09:13:46 UTC] PHP   6. include() /home/ubuntu/workspace/wp-settings.php:426
[23-Mar-2018 09:13:46 UTC] PHP Warning:  include(): Failed opening '/home/ubuntu/workspace/wp-content/themes/humble/inc/widgets/widget_banner_ads.php' for inclusion (include_path='.:/usr/share/php:/usr/share/pear') in /home/ubuntu/workspace/wp-content/themes/humble/functions.php on line 202
[23-Mar-2018 09:13:46 UTC] PHP Stack trace:
[23-Mar-2018 09:13:46 UTC] PHP   1. {main}() /home/ubuntu/workspace/wp-admin/about.php:0
[23-Mar-2018 09:13:46 UTC] PHP   2. require_once() /home/ubuntu/workspace/wp-admin/about.php:10
[23-Mar-2018 09:13:46 UTC] PHP   3. require_once() /home/ubuntu/workspace/wp-admin/admin.php:31
[23-Mar-2018 09:13:46 UTC] PHP   4. require_once() /home/ubuntu/workspace/wp-load.php:37
[23-Mar-2018 09:13:46 UTC] PHP   5. require_once() /home/ubuntu/workspace/wp-config.php:92
[23-Mar-2018 09:13:46 UTC] PHP   6. include() /home/ubuntu/workspace/wp-settings.php:426
[23-Mar-2018 09:13:46 UTC] PHP Warning:  include(/home/ubuntu/workspace/wp-content/themes/humble/inc/widgets/widget_banner_ads.php): failed to open stream: No such file or directory in /home/ubuntu/workspace/wp-content/themes/humble/functions.php on line 202
[23-Mar-2018 09:13:46 UTC] PHP Stack trace:
[23-Mar-2018 09:13:46 UTC] PHP   1. {main}() /home/ubuntu/workspace/wp-admin/index.php:0
[23-Mar-2018 09:13:46 UTC] PHP   2. require_once() /home/ubuntu/workspace/wp-admin/index.php:10
[23-Mar-2018 09:13:46 UTC] PHP   3. require_once() /home/ubuntu/workspace/wp-admin/admin.php:31
[23-Mar-2018 09:13:46 UTC] PHP   4. require_once() /home/ubuntu/workspace/wp-load.php:37
[23-Mar-2018 09:13:46 UTC] PHP   5. require_once() /home/ubuntu/workspace/wp-config.php:92
[23-Mar-2018 09:13:46 UTC] PHP   6. include() /home/ubuntu/workspace/wp-settings.php:426
[23-Mar-2018 09:13:46 UTC] PHP Warning:  include(): Failed opening '/home/ubuntu/workspace/wp-content/themes/humble/inc/widgets/widget_banner_ads.php' for inclusion (include_path='.:/usr/share/php:/usr/share/pear') in /home/ubuntu/workspace/wp-content/themes/humble/functions.php on line 202
[23-Mar-2018 09:13:46 UTC] PHP Stack trace:
[23-Mar-2018 09:13:46 UTC] PHP   1. {main}() /home/ubuntu/workspace/wp-admin/index.php:0
[23-Mar-2018 09:13:46 UTC] PHP   2. require_once() /home/ubuntu/workspace/wp-admin/index.php:10
[23-Mar-2018 09:13:46 UTC] PHP   3. require_once() /home/ubuntu/workspace/wp-admin/admin.php:31
[23-Mar-2018 09:13:46 UTC] PHP   4. require_once() /home/ubuntu/workspace/wp-load.php:37
[23-Mar-2018 09:13:46 UTC] PHP   5. require_once() /home/ubuntu/workspace/wp-config.php:92
[23-Mar-2018 09:13:46 UTC] PHP   6. include() /home/ubuntu/workspace/wp-settings.php:426
[23-Mar-2018 09:14:00 UTC] PHP Warning:  include(/home/ubuntu/workspace/wp-content/themes/humble/inc/widgets/widget_banner_ads.php): failed to open stream: No such file or directory in /home/ubuntu/workspace/wp-content/themes/humble/functions.php on line 202
[23-Mar-2018 09:14:00 UTC] PHP Stack trace:
[23-Mar-2018 09:14:00 UTC] PHP   1. {main}() /home/ubuntu/workspace/wp-admin/update-core.php:0
[23-Mar-2018 09:14:00 UTC] PHP   2. require_once() /home/ubuntu/workspace/wp-admin/update-core.php:10
[23-Mar-2018 09:14:00 UTC] PHP   3. require_once() /home/ubuntu/workspace/wp-admin/admin.php:31
[23-Mar-2018 09:14:00 UTC] PHP   4. require_once() /home/ubuntu/workspace/wp-load.php:37
[23-Mar-2018 09:14:00 UTC] PHP   5. require_once() /home/ubuntu/workspace/wp-config.php:92
[23-Mar-2018 09:14:00 UTC] PHP   6. include() /home/ubuntu/workspace/wp-settings.php:426
[23-Mar-2018 09:14:00 UTC] PHP Warning:  include(): Failed opening '/home/ubuntu/workspace/wp-content/themes/humble/inc/widgets/widget_banner_ads.php' for inclusion (include_path='.:/usr/share/php:/usr/share/pear') in /home/ubuntu/workspace/wp-content/themes/humble/functions.php on line 202
[23-Mar-2018 09:14:00 UTC] PHP Stack trace:
[23-Mar-2018 09:14:00 UTC] PHP   1. {main}() /home/ubuntu/workspace/wp-admin/update-core.php:0
[23-Mar-2018 09:14:00 UTC] PHP   2. require_once() /home/ubuntu/workspace/wp-admin/update-core.php:10
[23-Mar-2018 09:14:00 UTC] PHP   3. require_once() /home/ubuntu/workspace/wp-admin/admin.php:31
[23-Mar-2018 09:14:00 UTC] PHP   4. require_once() /home/ubuntu/workspace/wp-load.php:37
[23-Mar-2018 09:14:00 UTC] PHP   5. require_once() /home/ubuntu/workspace/wp-config.php:92
[23-Mar-2018 09:14:00 UTC] PHP   6. include() /home/ubuntu/workspace/wp-settings.php:426
[23-Mar-2018 09:14:19 UTC] PHP Warning:  include(/home/ubuntu/workspace/wp-content/themes/humble/inc/widgets/widget_banner_ads.php): failed to open stream: No such file or directory in /home/ubuntu/workspace/wp-content/themes/humble/functions.php on line 202
[23-Mar-2018 09:14:19 UTC] PHP Stack trace:
[23-Mar-2018 09:14:19 UTC] PHP   1. {main}() /home/ubuntu/workspace/wp-admin/themes.php:0
[23-Mar-2018 09:14:19 UTC] PHP   2. require_once() /home/ubuntu/workspace/wp-admin/themes.php:10
[23-Mar-2018 09:14:19 UTC] PHP   3. require_once() /home/ubuntu/workspace/wp-admin/admin.php:31
[23-Mar-2018 09:14:19 UTC] PHP   4. require_once() /home/ubuntu/workspace/wp-load.php:37
[23-Mar-2018 09:14:19 UTC] PHP   5. require_once() /home/ubuntu/workspace/wp-config.php:92
[23-Mar-2018 09:14:19 UTC] PHP   6. include() /home/ubuntu/workspace/wp-settings.php:426
[23-Mar-2018 09:14:19 UTC] PHP Warning:  include(): Failed opening '/home/ubuntu/workspace/wp-content/themes/humble/inc/widgets/widget_banner_ads.php' for inclusion (include_path='.:/usr/share/php:/usr/share/pear') in /home/ubuntu/workspace/wp-content/themes/humble/functions.php on line 202
[23-Mar-2018 09:14:19 UTC] PHP Stack trace:
[23-Mar-2018 09:14:19 UTC] PHP   1. {main}() /home/ubuntu/workspace/wp-admin/themes.php:0
[23-Mar-2018 09:14:19 UTC] PHP   2. require_once() /home/ubuntu/workspace/wp-admin/themes.php:10
[23-Mar-2018 09:14:19 UTC] PHP   3. require_once() /home/ubuntu/workspace/wp-admin/admin.php:31
[23-Mar-2018 09:14:19 UTC] PHP   4. require_once() /home/ubuntu/workspace/wp-load.php:37
[23-Mar-2018 09:14:19 UTC] PHP   5. require_once() /home/ubuntu/workspace/wp-config.php:92
[23-Mar-2018 09:14:19 UTC] PHP   6. include() /home/ubuntu/workspace/wp-settings.php:426
[23-Mar-2018 09:14:26 UTC] PHP Warning:  include(/home/ubuntu/workspace/wp-content/themes/humble/inc/widgets/widget_banner_ads.php): failed to open stream: No such file or directory in /home/ubuntu/workspace/wp-content/themes/humble/functions.php on line 202
[23-Mar-2018 09:14:26 UTC] PHP Stack trace:
[23-Mar-2018 09:14:26 UTC] PHP   1. {main}() /home/ubuntu/workspace/wp-admin/themes.php:0
[23-Mar-2018 09:14:26 UTC] PHP   2. require_once() /home/ubuntu/workspace/wp-admin/themes.php:10
[23-Mar-2018 09:14:26 UTC] PHP   3. require_once() /home/ubuntu/workspace/wp-admin/admin.php:31
[23-Mar-2018 09:14:26 UTC] PHP   4. require_once() /home/ubuntu/workspace/wp-load.php:37
[23-Mar-2018 09:14:26 UTC] PHP   5. require_once() /home/ubuntu/workspace/wp-config.php:92
[23-Mar-2018 09:14:26 UTC] PHP   6. include() /home/ubuntu/workspace/wp-settings.php:426
[23-Mar-2018 09:14:26 UTC] PHP Warning:  include(): Failed opening '/home/ubuntu/workspace/wp-content/themes/humble/inc/widgets/widget_banner_ads.php' for inclusion (include_path='.:/usr/share/php:/usr/share/pear') in /home/ubuntu/workspace/wp-content/themes/humble/functions.php on line 202
[23-Mar-2018 09:14:26 UTC] PHP Stack trace:
[23-Mar-2018 09:14:26 UTC] PHP   1. {main}() /home/ubuntu/workspace/wp-admin/themes.php:0
[23-Mar-2018 09:14:26 UTC] PHP   2. require_once() /home/ubuntu/workspace/wp-admin/themes.php:10
[23-Mar-2018 09:14:26 UTC] PHP   3. require_once() /home/ubuntu/workspace/wp-admin/admin.php:31
[23-Mar-2018 09:14:26 UTC] PHP   4. require_once() /home/ubuntu/workspace/wp-load.php:37
[23-Mar-2018 09:14:26 UTC] PHP   5. require_once() /home/ubuntu/workspace/wp-config.php:92
[23-Mar-2018 09:14:26 UTC] PHP   6. include() /home/ubuntu/workspace/wp-settings.php:426
[23-Mar-2018 10:09:43 UTC] PHP Warning:  include(/home/ubuntu/workspace/wp-content/themes/humble/inc/widgets/widget_banner_ads.php): failed to open stream: No such file or directory in /home/ubuntu/workspace/wp-content/themes/humble/functions.php on line 202
[23-Mar-2018 10:09:43 UTC] PHP Stack trace:
[23-Mar-2018 10:09:43 UTC] PHP   1. {main}() /home/ubuntu/workspace/wp-admin/customize.php:0
[23-Mar-2018 10:09:43 UTC] PHP   2. require_once() /home/ubuntu/workspace/wp-admin/customize.php:13
[23-Mar-2018 10:09:43 UTC] PHP   3. require_once() /home/ubuntu/workspace/wp-admin/admin.php:31
[23-Mar-2018 10:09:43 UTC] PHP   4. require_once() /home/ubuntu/workspace/wp-load.php:37
[23-Mar-2018 10:09:43 UTC] PHP   5. require_once() /home/ubuntu/workspace/wp-config.php:92
[23-Mar-2018 10:09:43 UTC] PHP   6. include() /home/ubuntu/workspace/wp-settings.php:426
[23-Mar-2018 10:09:43 UTC] PHP Warning:  include(): Failed opening '/home/ubuntu/workspace/wp-content/themes/humble/inc/widgets/widget_banner_ads.php' for inclusion (include_path='.:/usr/share/php:/usr/share/pear') in /home/ubuntu/workspace/wp-content/themes/humble/functions.php on line 202
[23-Mar-2018 10:09:43 UTC] PHP Stack trace:
[23-Mar-2018 10:09:43 UTC] PHP   1. {main}() /home/ubuntu/workspace/wp-admin/customize.php:0
[23-Mar-2018 10:09:43 UTC] PHP   2. require_once() /home/ubuntu/workspace/wp-admin/customize.php:13
[23-Mar-2018 10:09:43 UTC] PHP   3. require_once() /home/ubuntu/workspace/wp-admin/admin.php:31
[23-Mar-2018 10:09:43 UTC] PHP   4. require_once() /home/ubuntu/workspace/wp-load.php:37
[23-Mar-2018 10:09:43 UTC] PHP   5. require_once() /home/ubuntu/workspace/wp-config.php:92
[23-Mar-2018 10:09:43 UTC] PHP   6. include() /home/ubuntu/workspace/wp-settings.php:426
[23-Mar-2018 10:10:20 UTC] PHP Warning:  include(/home/ubuntu/workspace/wp-content/themes/humble/inc/widgets/widget_banner_ads.php): failed to open stream: No such file or directory in /home/ubuntu/workspace/wp-content/themes/humble/functions.php on line 202
[23-Mar-2018 10:10:20 UTC] PHP Stack trace:
[23-Mar-2018 10:10:20 UTC] PHP   1. {main}() /home/ubuntu/workspace/wp-admin/admin-ajax.php:0
[23-Mar-2018 10:10:20 UTC] PHP   2. require_once() /home/ubuntu/workspace/wp-admin/admin-ajax.php:22
[23-Mar-2018 10:10:20 UTC] PHP   3. require_once() /home/ubuntu/workspace/wp-load.php:37
[23-Mar-2018 10:10:20 UTC] PHP   4. require_once() /home/ubuntu/workspace/wp-config.php:92
[23-Mar-2018 10:10:20 UTC] PHP   5. include() /home/ubuntu/workspace/wp-settings.php:426
[23-Mar-2018 10:10:20 UTC] PHP Warning:  include(): Failed opening '/home/ubuntu/workspace/wp-content/themes/humble/inc/widgets/widget_banner_ads.php' for inclusion (include_path='.:/usr/share/php:/usr/share/pear') in /home/ubuntu/workspace/wp-content/themes/humble/functions.php on line 202
[23-Mar-2018 10:10:20 UTC] PHP Stack trace:
[23-Mar-2018 10:10:20 UTC] PHP   1. {main}() /home/ubuntu/workspace/wp-admin/admin-ajax.php:0
[23-Mar-2018 10:10:20 UTC] PHP   2. require_once() /home/ubuntu/workspace/wp-admin/admin-ajax.php:22
[23-Mar-2018 10:10:20 UTC] PHP   3. require_once() /home/ubuntu/workspace/wp-load.php:37
[23-Mar-2018 10:10:20 UTC] PHP   4. require_once() /home/ubuntu/workspace/wp-config.php:92
[23-Mar-2018 10:10:20 UTC] PHP   5. include() /home/ubuntu/workspace/wp-settings.php:426
